<?xml version="1.0" encoding="UTF-8"?>
<testsuite name="org.acme.static.SecondIT" tests="2" skipped="0" failures="0" errors="0" timestamp="2022-03-09T15:48:37" hostname="MB-07-P15.fritz.box" time="0.045">
  <properties/>
  <testcase name="testHelloEndpoint()" classname="org.acme.static.SecondIT" time="0.027"/>
  <testcase name="testHelloEndpointAgain()" classname="org.acme.static.SecondIT" time="0.017"/>
  <system-out><![CDATA[2022-03-09 16:48:37,579 INFO  [org.ecl.jet.ser.Server] (Test worker) jetty-9.4.44.v20210927; built: 2021-09-27T23:02:44.612Z; git: 8da83308eeca865e495e53ef315a249d63ba9332; jvm 11.0.13+7-jvmci-20.3-b24
2022-03-09 16:48:37,582 INFO  [org.ecl.jet.ser.han.ContextHandler] (Test worker) Started o.e.j.s.ServletContextHandler@100d5018{/__admin,null,AVAILABLE}
2022-03-09 16:48:37,582 INFO  [org.ecl.jet.ser.han.Con.ROOT] (Test worker) RequestHandlerClass from context returned com.github.tomakehurst.wiremock.http.StubRequestHandler. Normalized mapped under returned 'null'
2022-03-09 16:48:37,582 INFO  [org.ecl.jet.ser.han.ContextHandler] (Test worker) Started o.e.j.s.ServletContextHandler@6a25c9ad{/,null,AVAILABLE}
2022-03-09 16:48:37,584 INFO  [org.ecl.jet.ser.AbstractConnector] (Test worker) Started NetworkTrafficServerConnector@50ac63b2{HTTP/1.1, (http/1.1, h2c)}{0.0.0.0:8082}
2022-03-09 16:48:37,584 INFO  [org.ecl.jet.ser.Server] (Test worker) Started @9706ms
2022-03-09 16:48:37,648 INFO  [org.ecl.jet.ser.AbstractConnector] (Test worker) Stopped NetworkTrafficServerConnector@50ac63b2{HTTP/1.1, (http/1.1, h2c)}{0.0.0.0:8082}
2022-03-09 16:48:37,649 INFO  [org.ecl.jet.ser.han.ContextHandler] (Test worker) Stopped o.e.j.s.ServletContextHandler@6a25c9ad{/,null,STOPPED}
2022-03-09 16:48:37,649 INFO  [org.ecl.jet.ser.han.ContextHandler] (Test worker) Stopped o.e.j.s.ServletContextHandler@100d5018{/__admin,null,STOPPED}
]]></system-out>
  <system-err><![CDATA[]]></system-err>
</testsuite>
