<?xml version="1.0" encoding="UTF-8"?>
<testsuite name="org.acme.static.ARepeatedTestIT" tests="7" skipped="0" failures="0" errors="0" timestamp="2022-03-09T15:48:35" hostname="MB-07-P15.fritz.box" time="2.32">
  <properties/>
  <testcase name="repetition 1 of 2" classname="org.acme.static.ARepeatedTestIT" time="2.178"/>
  <testcase name="repetition 2 of 2" classname="org.acme.static.ARepeatedTestIT" time="0.022"/>
  <testcase name="repetition 1 of 5" classname="org.acme.static.ARepeatedTestIT" time="0.018"/>
  <testcase name="repetition 2 of 5" classname="org.acme.static.ARepeatedTestIT" time="0.024"/>
  <testcase name="repetition 3 of 5" classname="org.acme.static.ARepeatedTestIT" time="0.014"/>
  <testcase name="repetition 4 of 5" classname="org.acme.static.ARepeatedTestIT" time="0.025"/>
  <testcase name="repetition 5 of 5" classname="org.acme.static.ARepeatedTestIT" time="0.019"/>
  <system-out><![CDATA[2022-03-09 16:48:32,425 INFO  [org.ecl.jet.uti.log] (Test worker) Logging initialized @4544ms to org.eclipse.jetty.util.log.Slf4jLog
2022-03-09 16:48:33,106 INFO  [org.ecl.jet.ser.Server] (Test worker) jetty-9.4.44.v20210927; built: 2021-09-27T23:02:44.612Z; git: 8da83308eeca865e495e53ef315a249d63ba9332; jvm 11.0.13+7-jvmci-20.3-b24
2022-03-09 16:48:33,122 INFO  [org.ecl.jet.ser.han.ContextHandler] (Test worker) Started o.e.j.s.ServletContextHandler@1c0e4262{/__admin,null,AVAILABLE}
2022-03-09 16:48:33,135 INFO  [org.ecl.jet.ser.han.Con.ROOT] (Test worker) RequestHandlerClass from context returned com.github.tomakehurst.wiremock.http.StubRequestHandler. Normalized mapped under returned 'null'
2022-03-09 16:48:33,135 INFO  [org.ecl.jet.ser.han.ContextHandler] (Test worker) Started o.e.j.s.ServletContextHandler@4b7ab7ab{/,null,AVAILABLE}
2022-03-09 16:48:33,145 INFO  [org.ecl.jet.ser.AbstractConnector] (Test worker) Started NetworkTrafficServerConnector@68d6f48e{HTTP/1.1, (http/1.1, h2c)}{0.0.0.0:8082}
2022-03-09 16:48:33,145 INFO  [org.ecl.jet.ser.Server] (Test worker) Started @5267ms
2022-03-09 16:48:33,323 INFO  [org.ecl.jet.uti.log] (Test worker) Logging initialized @5444ms to org.eclipse.jetty.util.log.Slf4jLog
2022-03-09 16:48:37,403 INFO  [org.ecl.jet.ser.AbstractConnector] (Test worker) Stopped NetworkTrafficServerConnector@68d6f48e{HTTP/1.1, (http/1.1, h2c)}{0.0.0.0:8082}
2022-03-09 16:48:37,404 INFO  [org.ecl.jet.ser.han.ContextHandler] (Test worker) Stopped o.e.j.s.ServletContextHandler@4b7ab7ab{/,null,STOPPED}
2022-03-09 16:48:37,405 INFO  [org.ecl.jet.ser.han.ContextHandler] (Test worker) Stopped o.e.j.s.ServletContextHandler@1c0e4262{/__admin,null,STOPPED}
]]></system-out>
  <system-err><![CDATA[Mar 09, 2022 4:48:30 PM org.jboss.threads.Version <clinit>
INFO: JBoss Threads version 3.4.2.Final
Mar 09, 2022 4:48:31 PM org.jboss.threads.Version <clinit>
INFO: JBoss Threads version 3.4.2.Final
Mar 09, 2022 4:48:32 PM io.quarkus.bootstrap.runner.Timing printStartupTime
INFO: Quarkus 2.7.3.Final on JVM started in 2.174s. Listening on: http://localhost:8081
Mar 09, 2022 4:48:32 PM io.quarkus.bootstrap.runner.Timing printStartupTime
INFO: Profile test activated. 
Mar 09, 2022 4:48:32 PM io.quarkus.bootstrap.runner.Timing printStartupTime
INFO: Installed features: [cdi, jaxrs-client-reactive, kotlin, rest-client-reactive, rest-client-reactive-jackson, resteasy-reactive, resteasy-reactive-jackson, smallrye-context-propagation, vertx]
]]></system-err>
</testsuite>
