<?xml version="1.0" encoding="UTF-8"?>
<testsuite name="org.acme.static.XxxxIT" tests="2" skipped="0" failures="0" errors="0" timestamp="2022-03-09T15:48:38" hostname="MB-07-P15.fritz.box" time="0.027">
  <properties/>
  <testcase name="testHelloEndpoint()" classname="org.acme.static.XxxxIT" time="0.013"/>
  <testcase name="testHelloEndpointAgain()" classname="org.acme.static.XxxxIT" time="0.012"/>
  <system-out><![CDATA[2022-03-09 16:48:38,339 INFO  [org.ecl.jet.ser.Server] (Test worker) jetty-9.4.44.v20210927; built: 2021-09-27T23:02:44.612Z; git: 8da83308eeca865e495e53ef315a249d63ba9332; jvm 11.0.13+7-jvmci-20.3-b24
2022-03-09 16:48:38,340 INFO  [org.ecl.jet.ser.han.ContextHandler] (Test worker) Started o.e.j.s.ServletContextHandler@6a90b5e8{/__admin,null,AVAILABLE}
2022-03-09 16:48:38,341 INFO  [org.ecl.jet.ser.han.Con.ROOT] (Test worker) RequestHandlerClass from context returned com.github.tomakehurst.wiremock.http.StubRequestHandler. Normalized mapped under returned 'null'
2022-03-09 16:48:38,341 INFO  [org.ecl.jet.ser.han.ContextHandler] (Test worker) Started o.e.j.s.ServletContextHandler@1ff65426{/,null,AVAILABLE}
2022-03-09 16:48:38,342 INFO  [org.ecl.jet.ser.AbstractConnector] (Test worker) Started NetworkTrafficServerConnector@6c79a7c1{HTTP/1.1, (http/1.1, h2c)}{0.0.0.0:8082}
2022-03-09 16:48:38,343 INFO  [org.ecl.jet.ser.Server] (Test worker) Started @10464ms
2022-03-09 16:48:38,378 INFO  [org.ecl.jet.ser.AbstractConnector] (Test worker) Stopped NetworkTrafficServerConnector@6c79a7c1{HTTP/1.1, (http/1.1, h2c)}{0.0.0.0:8082}
2022-03-09 16:48:38,378 INFO  [org.ecl.jet.ser.han.ContextHandler] (Test worker) Stopped o.e.j.s.ServletContextHandler@1ff65426{/,null,STOPPED}
2022-03-09 16:48:38,378 INFO  [org.ecl.jet.ser.han.ContextHandler] (Test worker) Stopped o.e.j.s.ServletContextHandler@6a90b5e8{/__admin,null,STOPPED}
]]></system-out>
  <system-err><![CDATA[]]></system-err>
</testsuite>
